Script started at Sun Oct  5 14:21:10 ADT 2025
Summaries will be saved to background.txt
Processing A 2 Hour Deep Dive into Entropy.txt
Temporary directory created: /mnt/c/Users/nateg/OneDrive/Documentos/GitHub/vanity-press-economy/tmp_A2HourDeepDiveintoEntropy.txt_2YrptB
File split into chunks: /mnt/c/Users/nateg/OneDrive/Documentos/GitHub/vanity-press-economy/tmp_A2HourDeepDiveintoEntropy.txt_2YrptB/chunk_aa
/mnt/c/Users/nateg/OneDrive/Documentos/GitHub/vanity-press-economy/tmp_A2HourDeepDiveintoEntropy.txt_2YrptB/chunk_ab
/mnt/c/Users/nateg/OneDrive/Documentos/GitHub/vanity-press-economy/tmp_A2HourDeepDiveintoEntropy.txt_2YrptB/chunk_ac
Temporary directory /mnt/c/Users/nateg/OneDrive/Documentos/GitHub/vanity-press-economy/tmp_A2HourDeepDiveintoEntropy.txt_2YrptB removed
A 2 Hour Deep Dive into Entropy.txt
Processing A Masterclass on Enactivism and Cognition (w_ Shaun Gallagher).txt
Temporary directory created: /mnt/c/Users/nateg/OneDrive/Documentos/GitHub/vanity-press-economy/tmp_AMasterclassonEnactivismandCognition(w_ShaunGallagher).txt_brXDtz
File split into chunks: /mnt/c/Users/nateg/OneDrive/Documentos/GitHub/vanity-press-economy/tmp_AMasterclassonEnactivismandCognition(w_ShaunGallagher).txt_brXDtz/chunk_aa
/mnt/c/Users/nateg/OneDrive/Documentos/GitHub/vanity-press-economy/tmp_AMasterclassonEnactivismandCognition(w_ShaunGallagher).txt_brXDtz/chunk_ab
/mnt/c/Users/nateg/OneDrive/Documentos/GitHub/vanity-press-economy/tmp_AMasterclassonEnactivismandCognition(w_ShaunGallagher).txt_brXDtz/chunk_ac
Temporary directory /mnt/c/Users/nateg/OneDrive/Documentos/GitHub/vanity-press-economy/tmp_AMasterclassonEnactivismandCognition(w_ShaunGallagher).txt_brXDtz removed
A Masterclass on Enactivism and Cognition (w_ Shaun Gallagher).txt
Processing AI efficiency debate.txt
Temporary directory created: /mnt/c/Users/nateg/OneDrive/Documentos/GitHub/vanity-press-economy/tmp_AIefficiencydebate.txt_Y7wijW
File split into chunks: /mnt/c/Users/nateg/OneDrive/Documentos/GitHub/vanity-press-economy/tmp_AIefficiencydebate.txt_Y7wijW/chunk_aa
/mnt/c/Users/nateg/OneDrive/Documentos/GitHub/vanity-press-economy/tmp_AIefficiencydebate.txt_Y7wijW/chunk_ab
/mnt/c/Users/nateg/OneDrive/Documentos/GitHub/vanity-press-economy/tmp_AIefficiencydebate.txt_Y7wijW/chunk_ac
/mnt/c/Users/nateg/OneDrive/Documentos/GitHub/vanity-press-economy/tmp_AIefficiencydebate.txt_Y7wijW/chunk_ad
/mnt/c/Users/nateg/OneDrive/Documentos/GitHub/vanity-press-economy/tmp_AIefficiencydebate.txt_Y7wijW/chunk_ae
/mnt/c/Users/nateg/OneDrive/Documentos/GitHub/vanity-press-economy/tmp_AIefficiencydebate.txt_Y7wijW/chunk_af
/mnt/c/Users/nateg/OneDrive/Documentos/GitHub/vanity-press-economy/tmp_AIefficiencydebate.txt_Y7wijW/chunk_ag
/mnt/c/Users/nateg/OneDrive/Documentos/GitHub/vanity-press-economy/tmp_AIefficiencydebate.txt_Y7wijW/chunk_ah
Temporary directory /mnt/c/Users/nateg/OneDrive/Documentos/GitHub/vanity-press-economy/tmp_AIefficiencydebate.txt_Y7wijW removed
AI efficiency debate.txt
Processing Abstract thinking and enactivism.txt
Temporary directory created: /mnt/c/Users/nateg/OneDrive/Documentos/GitHub/vanity-press-economy/tmp_Abstractthinkingandenactivism.txt_mXEP6N
File split into chunks: /mnt/c/Users/nateg/OneDrive/Documentos/GitHub/vanity-press-economy/tmp_Abstractthinkingandenactivism.txt_mXEP6N/chunk_aa
/mnt/c/Users/nateg/OneDrive/Documentos/GitHub/vanity-press-economy/tmp_Abstractthinkingandenactivism.txt_mXEP6N/chunk_ab
/mnt/c/Users/nateg/OneDrive/Documentos/GitHub/vanity-press-economy/tmp_Abstractthinkingandenactivism.txt_mXEP6N/chunk_ac
/mnt/c/Users/nateg/OneDrive/Documentos/GitHub/vanity-press-economy/tmp_Abstractthinkingandenactivism.txt_mXEP6N/chunk_ad
/mnt/c/Users/nateg/OneDrive/Documentos/GitHub/vanity-press-economy/tmp_Abstractthinkingandenactivism.txt_mXEP6N/chunk_ae
/mnt/c/Users/nateg/OneDrive/Documentos/GitHub/vanity-press-economy/tmp_Abstractthinkingandenactivism.txt_mXEP6N/chunk_af
/mnt/c/Users/nateg/OneDrive/Documentos/GitHub/vanity-press-economy/tmp_Abstractthinkingandenactivism.txt_mXEP6N/chunk_ag
/mnt/c/Users/nateg/OneDrive/Documentos/GitHub/vanity-press-economy/tmp_Abstractthinkingandenactivism.txt_mXEP6N/chunk_ah
/mnt/c/Users/nateg/OneDrive/Documentos/GitHub/vanity-press-economy/tmp_Abstractthinkingandenactivism.txt_mXEP6N/chunk_ai
/mnt/c/Users/nateg/OneDrive/Documentos/GitHub/vanity-press-economy/tmp_Abstractthinkingandenactivism.txt_mXEP6N/chunk_aj
/mnt/c/Users/nateg/OneDrive/Documentos/GitHub/vanity-press-economy/tmp_Abstractthinkingandenactivism.txt_mXEP6N/chunk_ak
/mnt/c/Users/nateg/OneDrive/Documentos/GitHub/vanity-press-economy/tmp_Abstractthinkingandenactivism.txt_mXEP6N/chunk_al
/mnt/c/Users/nateg/OneDrive/Documentos/GitHub/vanity-press-economy/tmp_Abstractthinkingandenactivism.txt_mXEP6N/chunk_am
/mnt/c/Users/nateg/OneDrive/Documentos/GitHub/vanity-press-economy/tmp_Abstractthinkingandenactivism.txt_mXEP6N/chunk_an
/mnt/c/Users/nateg/OneDrive/Documentos/GitHub/vanity-press-economy/tmp_Abstractthinkingandenactivism.txt_mXEP6N/chunk_ao
/mnt/c/Users/nateg/OneDrive/Documentos/GitHub/vanity-press-economy/tmp_Abstractthinkingandenactivism.txt_mXEP6N/chunk_ap
/mnt/c/Users/nateg/OneDrive/Documentos/GitHub/vanity-press-economy/tmp_Abstractthinkingandenactivism.txt_mXEP6N/chunk_aq
/mnt/c/Users/nateg/OneDrive/Documentos/GitHub/vanity-press-economy/tmp_Abstractthinkingandenactivism.txt_mXEP6N/chunk_ar
/mnt/c/Users/nateg/OneDrive/Documentos/GitHub/vanity-press-economy/tmp_Abstractthinkingandenactivism.txt_mXEP6N/chunk_as
/mnt/c/Users/nateg/OneDrive/Documentos/GitHub/vanity-press-economy/tmp_Abstractthinkingandenactivism.txt_mXEP6N/chunk_at
Temporary directory /mnt/c/Users/nateg/OneDrive/Documentos/GitHub/vanity-press-economy/tmp_Abstractthinkingandenactivism.txt_mXEP6N removed
Abstract thinking and enactivism.txt
Processing Bicameral Illusion_ RSVP and Oscillatory Dynamics.txt
Temporary directory created: /mnt/c/Users/nateg/OneDrive/Documentos/GitHub/vanity-press-economy/tmp_BicameralIllusion_RSVPandOscillatoryDynamics.txt_Ouh4Rb
File split into chunks: /mnt/c/Users/nateg/OneDrive/Documentos/GitHub/vanity-press-economy/tmp_BicameralIllusion_RSVPandOscillatoryDynamics.txt_Ouh4Rb/chunk_aa
/mnt/c/Users/nateg/OneDrive/Documentos/GitHub/vanity-press-economy/tmp_BicameralIllusion_RSVPandOscillatoryDynamics.txt_Ouh4Rb/chunk_ab
/mnt/c/Users/nateg/OneDrive/Documentos/GitHub/vanity-press-economy/tmp_BicameralIllusion_RSVPandOscillatoryDynamics.txt_Ouh4Rb/chunk_ac
/mnt/c/Users/nateg/OneDrive/Documentos/GitHub/vanity-press-economy/tmp_BicameralIllusion_RSVPandOscillatoryDynamics.txt_Ouh4Rb/chunk_ad
Temporary directory /mnt/c/Users/nateg/OneDrive/Documentos/GitHub/vanity-press-economy/tmp_BicameralIllusion_RSVPandOscillatoryDynamics.txt_Ouh4Rb removed
Bicameral Illusion_ RSVP and Oscillatory Dynamics.txt
Processing Bicameral mind illusion.txt
Temporary directory created: /mnt/c/Users/nateg/OneDrive/Documentos/GitHub/vanity-press-economy/tmp_Bicameralmindillusion.txt_IGKygU
File split into chunks: /mnt/c/Users/nateg/OneDrive/Documentos/GitHub/vanity-press-economy/tmp_Bicameralmindillusion.txt_IGKygU/chunk_aa
/mnt/c/Users/nateg/OneDrive/Documentos/GitHub/vanity-press-economy/tmp_Bicameralmindillusion.txt_IGKygU/chunk_ab
/mnt/c/Users/nateg/OneDrive/Documentos/GitHub/vanity-press-economy/tmp_Bicameralmindillusion.txt_IGKygU/chunk_ac
/mnt/c/Users/nateg/OneDrive/Documentos/GitHub/vanity-press-economy/tmp_Bicameralmindillusion.txt_IGKygU/chunk_ad
/mnt/c/Users/nateg/OneDrive/Documentos/GitHub/vanity-press-economy/tmp_Bicameralmindillusion.txt_IGKygU/chunk_ae
/mnt/c/Users/nateg/OneDrive/Documentos/GitHub/vanity-press-economy/tmp_Bicameralmindillusion.txt_IGKygU/chunk_af
/mnt/c/Users/nateg/OneDrive/Documentos/GitHub/vanity-press-economy/tmp_Bicameralmindillusion.txt_IGKygU/chunk_ag
/mnt/c/Users/nateg/OneDrive/Documentos/GitHub/vanity-press-economy/tmp_Bicameralmindillusion.txt_IGKygU/chunk_ah
/mnt/c/Users/nateg/OneDrive/Documentos/GitHub/vanity-press-economy/tmp_Bicameralmindillusion.txt_IGKygU/chunk_ai
/mnt/c/Users/nateg/OneDrive/Documentos/GitHub/vanity-press-economy/tmp_Bicameralmindillusion.txt_IGKygU/chunk_aj
/mnt/c/Users/nateg/OneDrive/Documentos/GitHub/vanity-press-economy/tmp_Bicameralmindillusion.txt_IGKygU/chunk_ak
/mnt/c/Users/nateg/OneDrive/Documentos/GitHub/vanity-press-economy/tmp_Bicameralmindillusion.txt_IGKygU/chunk_al
/mnt/c/Users/nateg/OneDrive/Documentos/GitHub/vanity-press-economy/tmp_Bicameralmindillusion.txt_IGKygU/chunk_am
/mnt/c/Users/nateg/OneDrive/Documentos/GitHub/vanity-press-economy/tmp_Bicameralmindillusion.txt_IGKygU/chunk_an
/mnt/c/Users/nateg/OneDrive/Documentos/GitHub/vanity-press-economy/tmp_Bicameralmindillusion.txt_IGKygU/chunk_ao
/mnt/c/Users/nateg/OneDrive/Documentos/GitHub/vanity-press-economy/tmp_Bicameralmindillusion.txt_IGKygU/chunk_ap
/mnt/c/Users/nateg/OneDrive/Documentos/GitHub/vanity-press-economy/tmp_Bicameralmindillusion.txt_IGKygU/chunk_aq
/mnt/c/Users/nateg/OneDrive/Documentos/GitHub/vanity-press-economy/tmp_Bicameralmindillusion.txt_IGKygU/chunk_ar
/mnt/c/Users/nateg/OneDrive/Documentos/GitHub/vanity-press-economy/tmp_Bicameralmindillusion.txt_IGKygU/chunk_as
/mnt/c/Users/nateg/OneDrive/Documentos/GitHub/vanity-press-economy/tmp_Bicameralmindillusion.txt_IGKygU/chunk_at
/mnt/c/Users/nateg/OneDrive/Documentos/GitHub/vanity-press-economy/tmp_Bicameralmindillusion.txt_IGKygU/chunk_au
/mnt/c/Users/nateg/OneDrive/Documentos/GitHub/vanity-press-economy/tmp_Bicameralmindillusion.txt_IGKygU/chunk_av
Temporary directory /mnt/c/Users/nateg/OneDrive/Documentos/GitHub/vanity-press-economy/tmp_Bicameralmindillusion.txt_IGKygU removed
Bicameral mind illusion.txt
Processing Consciousness as Rhythmic Cognitive Gait.txt
Temporary directory created: /mnt/c/Users/nateg/OneDrive/Documentos/GitHub/vanity-press-economy/tmp_ConsciousnessasRhythmicCognitiveGait.txt_pHRzTg
File split into chunks: /mnt/c/Users/nateg/OneDrive/Documentos/GitHub/vanity-press-economy/tmp_ConsciousnessasRhythmicCognitiveGait.txt_pHRzTg/chunk_aa
/mnt/c/Users/nateg/OneDrive/Documentos/GitHub/vanity-press-economy/tmp_ConsciousnessasRhythmicCognitiveGait.txt_pHRzTg/chunk_ab
/mnt/c/Users/nateg/OneDrive/Documentos/GitHub/vanity-press-economy/tmp_ConsciousnessasRhythmicCognitiveGait.txt_pHRzTg/chunk_ac
/mnt/c/Users/nateg/OneDrive/Documentos/GitHub/vanity-press-economy/tmp_ConsciousnessasRhythmicCognitiveGait.txt_pHRzTg/chunk_ad
/mnt/c/Users/nateg/OneDrive/Documentos/GitHub/vanity-press-economy/tmp_ConsciousnessasRhythmicCognitiveGait.txt_pHRzTg/chunk_ae
/mnt/c/Users/nateg/OneDrive/Documentos/GitHub/vanity-press-economy/tmp_ConsciousnessasRhythmicCognitiveGait.txt_pHRzTg/chunk_af
/mnt/c/Users/nateg/OneDrive/Documentos/GitHub/vanity-press-economy/tmp_ConsciousnessasRhythmicCognitiveGait.txt_pHRzTg/chunk_ag
Temporary directory /mnt/c/Users/nateg/OneDrive/Documentos/GitHub/vanity-press-economy/tmp_ConsciousnessasRhythmicCognitiveGait.txt_pHRzTg removed
Consciousness as Rhythmic Cognitive Gait.txt
Processing Cyclical cortical network activity.txt
Temporary directory created: /mnt/c/Users/nateg/OneDrive/Documentos/GitHub/vanity-press-economy/tmp_Cyclicalcorticalnetworkactivity.txt_GEYpG0
File split into chunks: /mnt/c/Users/nateg/OneDrive/Documentos/GitHub/vanity-press-economy/tmp_Cyclicalcorticalnetworkactivity.txt_GEYpG0/chunk_aa
/mnt/c/Users/nateg/OneDrive/Documentos/GitHub/vanity-press-economy/tmp_Cyclicalcorticalnetworkactivity.txt_GEYpG0/chunk_ab
/mnt/c/Users/nateg/OneDrive/Documentos/GitHub/vanity-press-economy/tmp_Cyclicalcorticalnetworkactivity.txt_GEYpG0/chunk_ac
/mnt/c/Users/nateg/OneDrive/Documentos/GitHub/vanity-press-economy/tmp_Cyclicalcorticalnetworkactivity.txt_GEYpG0/chunk_ad
/mnt/c/Users/nateg/OneDrive/Documentos/GitHub/vanity-press-economy/tmp_Cyclicalcorticalnetworkactivity.txt_GEYpG0/chunk_ae
/mnt/c/Users/nateg/OneDrive/Documentos/GitHub/vanity-press-economy/tmp_Cyclicalcorticalnetworkactivity.txt_GEYpG0/chunk_af
/mnt/c/Users/nateg/OneDrive/Documentos/GitHub/vanity-press-economy/tmp_Cyclicalcorticalnetworkactivity.txt_GEYpG0/chunk_ag
/mnt/c/Users/nateg/OneDrive/Documentos/GitHub/vanity-press-economy/tmp_Cyclicalcorticalnetworkactivity.txt_GEYpG0/chunk_ah
/mnt/c/Users/nateg/OneDrive/Documentos/GitHub/vanity-press-economy/tmp_Cyclicalcorticalnetworkactivity.txt_GEYpG0/chunk_ai
/mnt/c/Users/nateg/OneDrive/Documentos/GitHub/vanity-press-economy/tmp_Cyclicalcorticalnetworkactivity.txt_GEYpG0/chunk_aj
/mnt/c/Users/nateg/OneDrive/Documentos/GitHub/vanity-press-economy/tmp_Cyclicalcorticalnetworkactivity.txt_GEYpG0/chunk_ak
/mnt/c/Users/nateg/OneDrive/Documentos/GitHub/vanity-press-economy/tmp_Cyclicalcorticalnetworkactivity.txt_GEYpG0/chunk_al
/mnt/c/Users/nateg/OneDrive/Documentos/GitHub/vanity-press-economy/tmp_Cyclicalcorticalnetworkactivity.txt_GEYpG0/chunk_am
/mnt/c/Users/nateg/OneDrive/Documentos/GitHub/vanity-press-economy/tmp_Cyclicalcorticalnetworkactivity.txt_GEYpG0/chunk_an
Temporary directory /mnt/c/Users/nateg/OneDrive/Documentos/GitHub/vanity-press-economy/tmp_Cyclicalcorticalnetworkactivity.txt_GEYpG0 removed
Cyclical cortical network activity.txt
Processing Deccelerationist Agenda_ Slowing AGI through Diversity.txt
Temporary directory created: /mnt/c/Users/nateg/OneDrive/Documentos/GitHub/vanity-press-economy/tmp_DeccelerationistAgenda_SlowingAGIthroughDiversity.txt_7gp6gj
File split into chunks: /mnt/c/Users/nateg/OneDrive/Documentos/GitHub/vanity-press-economy/tmp_DeccelerationistAgenda_SlowingAGIthroughDiversity.txt_7gp6gj/chunk_aa
/mnt/c/Users/nateg/OneDrive/Documentos/GitHub/vanity-press-economy/tmp_DeccelerationistAgenda_SlowingAGIthroughDiversity.txt_7gp6gj/chunk_ab
/mnt/c/Users/nateg/OneDrive/Documentos/GitHub/vanity-press-economy/tmp_DeccelerationistAgenda_SlowingAGIthroughDiversity.txt_7gp6gj/chunk_ac
/mnt/c/Users/nateg/OneDrive/Documentos/GitHub/vanity-press-economy/tmp_DeccelerationistAgenda_SlowingAGIthroughDiversity.txt_7gp6gj/chunk_ad
/mnt/c/Users/nateg/OneDrive/Documentos/GitHub/vanity-press-economy/tmp_DeccelerationistAgenda_SlowingAGIthroughDiversity.txt_7gp6gj/chunk_ae
/mnt/c/Users/nateg/OneDrive/Documentos/GitHub/vanity-press-economy/tmp_DeccelerationistAgenda_SlowingAGIthroughDiversity.txt_7gp6gj/chunk_af
Temporary directory /mnt/c/Users/nateg/OneDrive/Documentos/GitHub/vanity-press-economy/tmp_DeccelerationistAgenda_SlowingAGIthroughDiversity.txt_7gp6gj removed
Deccelerationist Agenda_ Slowing AGI through Diversity.txt
Processing Derivational and semantic adequacy.txt
Temporary directory created: /mnt/c/Users/nateg/OneDrive/Documentos/GitHub/vanity-press-economy/tmp_Derivationalandsemanticadequacy.txt_lJalj6
File split into chunks: /mnt/c/Users/nateg/OneDrive/Documentos/GitHub/vanity-press-economy/tmp_Derivationalandsemanticadequacy.txt_lJalj6/chunk_aa
/mnt/c/Users/nateg/OneDrive/Documentos/GitHub/vanity-press-economy/tmp_Derivationalandsemanticadequacy.txt_lJalj6/chunk_ab
/mnt/c/Users/nateg/OneDrive/Documentos/GitHub/vanity-press-economy/tmp_Derivationalandsemanticadequacy.txt_lJalj6/chunk_ac
Temporary directory /mnt/c/Users/nateg/OneDrive/Documentos/GitHub/vanity-press-economy/tmp_Derivationalandsemanticadequacy.txt_lJalj6 removed
Derivational and semantic adequacy.txt
Processing Dream analysis interpretation.txt
Temporary directory created: /mnt/c/Users/nateg/OneDrive/Documentos/GitHub/vanity-press-economy/tmp_Dreamanalysisinterpretation.txt_AEuN1f
File split into chunks: /mnt/c/Users/nateg/OneDrive/Documentos/GitHub/vanity-press-economy/tmp_Dreamanalysisinterpretation.txt_AEuN1f/chunk_aa
Temporary directory /mnt/c/Users/nateg/OneDrive/Documentos/GitHub/vanity-press-economy/tmp_Dreamanalysisinterpretation.txt_AEuN1f removed
Dream analysis interpretation.txt
Processing Ed Zitron summary.txt
Temporary directory created: /mnt/c/Users/nateg/OneDrive/Documentos/GitHub/vanity-press-economy/tmp_EdZitronsummary.txt_gKY11Q
File split into chunks: /mnt/c/Users/nateg/OneDrive/Documentos/GitHub/vanity-press-economy/tmp_EdZitronsummary.txt_gKY11Q/chunk_aa
/mnt/c/Users/nateg/OneDrive/Documentos/GitHub/vanity-press-economy/tmp_EdZitronsummary.txt_gKY11Q/chunk_ab
/mnt/c/Users/nateg/OneDrive/Documentos/GitHub/vanity-press-economy/tmp_EdZitronsummary.txt_gKY11Q/chunk_ac
/mnt/c/Users/nateg/OneDrive/Documentos/GitHub/vanity-press-economy/tmp_EdZitronsummary.txt_gKY11Q/chunk_ad
/mnt/c/Users/nateg/OneDrive/Documentos/GitHub/vanity-press-economy/tmp_EdZitronsummary.txt_gKY11Q/chunk_ae
/mnt/c/Users/nateg/OneDrive/Documentos/GitHub/vanity-press-economy/tmp_EdZitronsummary.txt_gKY11Q/chunk_af
/mnt/c/Users/nateg/OneDrive/Documentos/GitHub/vanity-press-economy/tmp_EdZitronsummary.txt_gKY11Q/chunk_ag
/mnt/c/Users/nateg/OneDrive/Documentos/GitHub/vanity-press-economy/tmp_EdZitronsummary.txt_gKY11Q/chunk_ah
/mnt/c/Users/nateg/OneDrive/Documentos/GitHub/vanity-press-economy/tmp_EdZitronsummary.txt_gKY11Q/chunk_ai
/mnt/c/Users/nateg/OneDrive/Documentos/GitHub/vanity-press-economy/tmp_EdZitronsummary.txt_gKY11Q/chunk_aj
Temporary directory /mnt/c/Users/nateg/OneDrive/Documentos/GitHub/vanity-press-economy/tmp_EdZitronsummary.txt_gKY11Q removed
Ed Zitron summary.txt
Processing Entropy as Infrastructure_ Computation and Heat.txt
Temporary directory created: /mnt/c/Users/nateg/OneDrive/Documentos/GitHub/vanity-press-economy/tmp_EntropyasInfrastructure_ComputationandHeat.txt_xQJKny
File split into chunks: /mnt/c/Users/nateg/OneDrive/Documentos/GitHub/vanity-press-economy/tmp_EntropyasInfrastructure_ComputationandHeat.txt_xQJKny/chunk_aa
/mnt/c/Users/nateg/OneDrive/Documentos/GitHub/vanity-press-economy/tmp_EntropyasInfrastructure_ComputationandHeat.txt_xQJKny/chunk_ab
/mnt/c/Users/nateg/OneDrive/Documentos/GitHub/vanity-press-economy/tmp_EntropyasInfrastructure_ComputationandHeat.txt_xQJKny/chunk_ac
/mnt/c/Users/nateg/OneDrive/Documentos/GitHub/vanity-press-economy/tmp_EntropyasInfrastructure_ComputationandHeat.txt_xQJKny/chunk_ad
/mnt/c/Users/nateg/OneDrive/Documentos/GitHub/vanity-press-economy/tmp_EntropyasInfrastructure_ComputationandHeat.txt_xQJKny/chunk_ae
/mnt/c/Users/nateg/OneDrive/Documentos/GitHub/vanity-press-economy/tmp_EntropyasInfrastructure_ComputationandHeat.txt_xQJKny/chunk_af
/mnt/c/Users/nateg/OneDrive/Documentos/GitHub/vanity-press-economy/tmp_EntropyasInfrastructure_ComputationandHeat.txt_xQJKny/chunk_ag
/mnt/c/Users/nateg/OneDrive/Documentos/GitHub/vanity-press-economy/tmp_EntropyasInfrastructure_ComputationandHeat.txt_xQJKny/chunk_ah
/mnt/c/Users/nateg/OneDrive/Documentos/GitHub/vanity-press-economy/tmp_EntropyasInfrastructure_ComputationandHeat.txt_xQJKny/chunk_ai
/mnt/c/Users/nateg/OneDrive/Documentos/GitHub/vanity-press-economy/tmp_EntropyasInfrastructure_ComputationandHeat.txt_xQJKny/chunk_aj
/mnt/c/Users/nateg/OneDrive/Documentos/GitHub/vanity-press-economy/tmp_EntropyasInfrastructure_ComputationandHeat.txt_xQJKny/chunk_ak
/mnt/c/Users/nateg/OneDrive/Documentos/GitHub/vanity-press-economy/tmp_EntropyasInfrastructure_ComputationandHeat.txt_xQJKny/chunk_al
/mnt/c/Users/nateg/OneDrive/Documentos/GitHub/vanity-press-economy/tmp_EntropyasInfrastructure_ComputationandHeat.txt_xQJKny/chunk_am
/mnt/c/Users/nateg/OneDrive/Documentos/GitHub/vanity-press-economy/tmp_EntropyasInfrastructure_ComputationandHeat.txt_xQJKny/chunk_an
/mnt/c/Users/nateg/OneDrive/Documentos/GitHub/vanity-press-economy/tmp_EntropyasInfrastructure_ComputationandHeat.txt_xQJKny/chunk_ao
